d:\repositories\reversedreversi\project2\release\vc145.pdb
d:\repositories\reversedreversi\project2\release\game3scene.obj
d:\repositories\reversedreversi\project2\release\game1scene.obj
d:\repositories\reversedreversi\project2\release\menuscene.obj
d:\repositories\reversedreversi\project2\release\gamescenemain.obj
d:\repositories\reversedreversi\project2\release\gamemain.obj
d:\repositories\reversedreversi\project2\release\game4scene.obj
d:\repositories\reversedreversi\project2\release\game2scene.obj
d:\repositories\reversedreversi\release\project2.exe
d:\repositories\reversedreversi\release\project2.pdb
d:\repositories\reversedreversi\project2\release\project2.ipdb
d:\repositories\reversedreversi\project2\release\project2.iobj
d:\repositories\reversedreversi\project2\release\project2.tlog\cl.command.1.tlog
d:\repositories\reversedreversi\project2\release\project2.tlog\cl.items.tlog
d:\repositories\reversedreversi\project2\release\project2.tlog\cl.read.1.tlog
d:\repositories\reversedreversi\project2\release\project2.tlog\cl.write.1.tlog
d:\repositories\reversedreversi\project2\release\project2.tlog\link.command.1.tlog
d:\repositories\reversedreversi\project2\release\project2.tlog\link.read.1.tlog
d:\repositories\reversedreversi\project2\release\project2.tlog\link.secondary.1.tlog
d:\repositories\reversedreversi\project2\release\project2.tlog\link.write.1.tlog
