d:\repositories\reversedreversi\project2\debug\vc145.pdb
d:\repositories\reversedreversi\project2\debug\vc145.idb
d:\repositories\reversedreversi\project2\debug\menuscene.obj
d:\repositories\reversedreversi\project2\debug\gamescenemain.obj
d:\repositories\reversedreversi\project2\debug\gamemain.obj
d:\repositories\reversedreversi\project2\debug\game5scene.obj
d:\repositories\reversedreversi\project2\debug\game4scene.obj
d:\repositories\reversedreversi\project2\debug\game3scene.obj
d:\repositories\reversedreversi\project2\debug\game2scene.obj
d:\repositories\reversedreversi\project2\debug\game1scene.obj
d:\repositories\reversedreversi\debug\project2.exe
d:\repositories\reversedreversi\debug\project2.pdb
d:\repositories\reversedreversi\project2\debug\project2.ilk
d:\repositories\reversedreversi\project2\debug\project2.tlog\cl.command.1.tlog
d:\repositories\reversedreversi\project2\debug\project2.tlog\cl.items.tlog
d:\repositories\reversedreversi\project2\debug\project2.tlog\cl.read.1.tlog
d:\repositories\reversedreversi\project2\debug\project2.tlog\cl.write.1.tlog
d:\repositories\reversedreversi\project2\debug\project2.tlog\link.command.1.tlog
d:\repositories\reversedreversi\project2\debug\project2.tlog\link.read.1.tlog
d:\repositories\reversedreversi\project2\debug\project2.tlog\link.secondary.1.tlog
d:\repositories\reversedreversi\project2\debug\project2.tlog\link.write.1.tlog
